<?xml version="1.0" encoding="UTF-8"?>
<testsuite xmlns:xsi="http://www.w3.org/2001/XMLSchema-instance" xsi:noNamespaceSchemaLocation="https://maven.apache.org/surefire/maven-surefire-plugin/xsd/surefire-test-report-3.0.xsd" version="3.0" name="cucumber.options.TestRunner" time="4.607" tests="1" errors="0" skipped="0" failures="0">
  <properties>
[...]
</properties>
  <testcase name="Verify if Delete Place functionlity is working" classname="Validiate Place API" time="4.243">
    <system-out><![CDATA[/maps/api/place/add/json
a24b926e3c3d822f7945c3cf04a7026b
/maps/api/place/get/json
/maps/api/place/delete/json
]]></system-out>
    <system-err><![CDATA[Apr 26, 2024 9:30:53 PM io.cucumber.core.options.CucumberPropertiesParser lambda$warnWhenCucumberOptionsIsUsed$2
WARNING: Passing commandline options via the property 'cucumber.options' is no longer supported. Please use individual properties instead. See the java doc on io.cucumber.core.options.Constants for details.
]]></system-err>
  </testcase>
</testsuite>